5.0 6.0 -17.333333333333332 -41.33333333333333
-12.333333333333332 -35.33333333333333 -74.44444444444443 201.55555555555554
-86.77777777777776 166.22222222222223 706.037037037037 -811.9629629629628
619.2592592592592 -645.7407407407406 -1888.6728395061727 1906.3271604938268
-1269.4135802469136 1260.5864197530861 1898.9711934156378 -1896.028806584362
629.5576131687242 -635.4423868312758 -947.7692043895746 949.7307956104253
-318.21159122085044 314.28840877914945 475.0288637402833 -473.7211362597164
156.8172725194329 -159.43272748056694 -236.7515908398109 237.62340916018888
-79.934318320378 78.19068167962195 118.88435610679262 -118.30314389320728
38.950037786414626 -40.11246221358533 -59.103137595471516 59.49061240452842
-20.15309980905689 19.37815019094309 29.777595769685618 -29.519279230314346
9.624495960628728 -10.141129039371258 -14.738113236876233 14.910324263123742
-5.1136172762475045 4.769195223752485 7.469513050415829 -7.354705699584156
2.3558957741683244 -2.585510475831671 -3.6677855705561058 3.7443238044438876
-1.3118897963877814 1.1588133286122164 1.8785400883792591 -1.8275145991207373
0.5666502919914778 -0.6687012705085209 -0.9095051754554918 0.9435221682945062
-0.34285488346401405 0.2748208977859853 0.47459583355050433 -0.4519178383244947
0.13174095008649028 -0.17709694053850944 -0.2240690862267466 0.239187749710753
-0.09232813614025631 0.06209080917224355 0.12085376347904367 -0.1107746544897061
0.028525627338787357 -0.048683845317462546 -0.054547401495741554 0.061266807488633286
-0.026021774156954197 0.01258296217117074 0.031193354243724276 -0.026713750248463126
0.005171580086770079 -0.014130788077292386 -0.01298357479129313 0.015969977454800565
-0.00781199470452305 0.001839189377508179 0.008233855616025899 -0.0062429205070209425
4.218609115028485E-4 -0.0044037311295127635 -0.002955548994426723 0.004282839067096695
-0.0025336880829238745 -1.2089206241606889E-4 0.0022520270396041778 -0.0013671669911575301
-2.816610433196967E-4 -0.001488059053573599 -6.098451582082108E-4 0.0011997518571726427
