<<<<<<< Updated upstream
1.0 5.0 -3.0251969289520106 -3.0567093969619274
-3.0251969289520106 -3.0567093969619274 0.958284370264365 -0.7819560880361056
0.958284370264365 -0.7819560880361056 -0.07858662066866964 -0.09630734958640381
-0.07858662066866964 -0.09630734958640381 0.5436821156125159 -0.44528100163801304
0.5436821156125159 -0.44528100163801304 -0.043960637108494204 -0.05367544435154126
-0.043960637108494204 -0.05367544435154126 0.2926340838408687 -0.23878931791776617
0.2926340838408687 -0.23878931791776617 -0.02399776594566512 -0.02940902731088967
-0.02399776594566512 -0.02940902731088967 0.16602076271348837 -0.135972339988639
0.16602076271348837 -0.135972339988639 -0.013424130536025343 -0.016390676740131806
-0.013424130536025343 -0.016390676740131806 0.08935814401121979 -0.07291605383938886
0.08935814401121979 -0.07291605383938886 -0.007327959847406585 -0.008980384980230908
-0.007327959847406585 -0.008980384980230908 0.05069787038345797 -0.041522153799908396
0.05069787038345797 -0.041522153799908396 -0.004099250577696966 -0.005005130030368554
-0.004099250577696966 -0.005005130030368554 0.027286846621752025 -0.02226601769168564
0.027286846621752025 -0.02226601769168564 -0.002237697511794819 -0.00274229035205855
-0.002237697511794819 -0.00274229035205855 0.01548135352182326 -0.012679416371781448
0.01548135352182326 -0.012679416371781448 -0.0012517648911153827 -0.001528388791878032
-0.0012517648911153827 -0.001528388791878032 0.008332446995159165 -0.006799264602801992
0.008332446995159165 -0.006799264602801992 -6.833129900492093E-4 -8.373979948023315E-4
-6.833129900492093E-4 -8.373979948023315E-4 0.004727463008898458 -0.003871851164167917
0.004727463008898458 -0.003871851164167917 -3.8224434269802833E-4 -4.667156067801018E-4
-3.8224434269802833E-4 -4.667156067801018E-4 0.0025444373946752314 -0.0020762580798704064
0.0025444373946752314 -0.0020762580798704064 -2.0865940991036426E-4 -2.5571158107744077E-4
-2.0865940991036426E-4 -2.5571158107744077E-4 0.001443558711485419 -0.0011822930773020906
0.001443558711485419 -0.0011822930773020906 -1.1671955739383918E-4 -1.42514747206931E-4
-1.1671955739383918E-4 -1.42514747206931E-4 7.770203855577612E-4 -6.340550822249148E-4
7.770203855577612E-4 -6.340550822249148E-4 -6.371718124185681E-5 -7.808527407196466E-5
-6.371718124185681E-5 -7.808527407196466E-5 4.4074388257547094E-4 -3.609750175894376E-4
4.4074388257547094E-4 -3.609750175894376E-4 -3.5635250668136476E-5 -4.351319411270136E-5
-3.5635250668136476E-5 -4.351319411270136E-5 2.3732183612918181E-4 -1.9366792636965057E-4
2.3732183612918181E-4 -1.9366792636965057E-4 -1.9455592582486935E-5 -2.3843323590737588E-5
-1.9455592582486935E-5 -2.3843323590737588E-5 1.3460111487806456E-4 -1.1024250564730433E-4
1.3460111487806456E-4 -1.1024250564730433E-4 -1.087481946457209E-5 -1.3278936441259726E-5
-1.087481946457209E-5 -1.3278936441259726E-5 7.735328886193329E-5 -6.396233770963914E-5
7.735328886193329E-5 -6.396233770963914E-5 -6.0079702399247915E-6 -7.268543209061262E-6
-6.0079702399247915E-6 -7.268543209061262E-6 4.334530843303409E-5 -3.631429318115439E-5
4.334530843303409E-5 -3.631429318115439E-5 -3.177201390542829E-6 -3.7946709889275723E-6
-3.177201390542829E-6 -3.7946709889275723E-6 2.2463080626578288E-5 -1.9029471615880365E-5
2.2463080626578288E-5 -1.9029471615880365E-5 -1.5527303052678353E-6 -1.8344957680278747E-6
-1.5527303052678353E-6 -1.8344957680278747E-6 1.7432895825405933E-5 -1.6947395047929694E-5
1.7432895825405933E-5 -1.6947395047929694E-5 -2.2988503346910525E-7 -2.3815408239255155E-7
-2.2988503346910525E-7 -2.3815408239255155E-7 -2.14140976532974E-12 -9.265054772267733E-12
=======
3.0 3.0 -0.029227779834559403 -0.058455559669118806
2.9707722201654407 2.941544440330881 -0.014378036665005397 -0.02847315827698488
2.9563941835004353 2.913071282053896 -0.03269957168248282 -0.06444078650629606
2.9236946118179525 2.8486304955476003 -0.014871308206909274 -0.028978992467717308
2.9088233036110434 2.819651503079883 -0.03451901665454873 -0.06692162915087305
2.8743042869564945 2.75272987392901 -0.014981848126996596 -0.028696322162549897
2.8593224388294978 2.72403355176646 -0.03541806029096042 -0.06748450840022009
2.823904378538537 2.65654904336624 -0.014929950064825798 -0.02809028865399838
2.8089744284737113 2.6284587547122418 -0.03569691866221458 -0.06680579034315466
2.773277509811497 2.5616529643690873 -0.01480430971470706 -0.0273492311764322
2.7584732000967898 2.534303733192655 -0.035676202382768696 -0.06555389617823
2.722796997714021 2.468749837014425 -0.014629552904994072 -0.026529121620246045
2.708167444809027 2.4422207153941793 -0.035554853456002206 -0.06412661064181438
2.6726125913530248 2.378094104752365 -0.014417372896518038 -0.025657193715358996
2.6581952184565067 2.352436911037006 -0.03531232322570079 -0.0625010623703122
2.622882895230806 2.2899358486666936 -0.01420549770111106 -0.024804522148568136
2.608677397529695 2.2651313265181257 -0.0348360092363489 -0.06049666078822261
2.573841388293346 2.204634665729903 -0.013987152682683149 -0.023961508909876753
2.559854235610663 2.1806731568200264 -0.03438315149413393 -0.05858022262915908
2.5254710841165293 2.122092934190867 -0.01376577052663093 -0.023134095299670032
2.5117053135898986 2.098958838891197 -0.03384443183985668 -0.05656560821299966
2.477860881750042 2.0423932306781976 -0.013539182669843806 -0.0223195218403662
2.464321699080198 2.0200737088378315 -0.03330418666818661 -0.054600754363963215
2.4310175124120117 1.9654729544738683 -0.013315529783949604 -0.021531160126343568
2.417701982628062 1.9439417943475248 -0.03272612208294852 -0.05262656600447518
2.3849758605451137 1.8913152283430497 -0.013082929335344374 -0.020749848157890632
2.371892931209769 1.870565380185159 -0.03223955482674162 -0.05085068920098803
2.3396533763830276 1.8197146909841708 -0.012846184717988124 -0.019982781458472213
2.3268071916650395 1.7997319095256985 -0.03172678545312831 -0.04907987939113323
2.2950804062119112 1.7506520301345652 -0.012620298254875349 -0.019253138758016358
2.2824601079570357 1.7313988913765488 -0.031103354457077834 -0.04718795587036836
2.251356753499958 1.6842109355061805 -0.012398356956532915 -0.018550101698488766
2.238958396543425 1.6656608338076917 -0.03057707483779122 -0.045495294640886995
2.208381321705634 1.6201655391668046 -0.012172897026960302 -0.017861143889475434
2.1962084246786735 1.6023043952773293 -0.030022427837768328 -0.043807379610057616
2.166185996840905 1.5584970156672717 -0.011958099668083897 -0.017206890519040976
2.154227897172821 1.5412901251482307 -0.02941992478788491 -0.04209827531959859
2.1248079723849362 1.499191849828632 -0.011747127776841743 -0.01657674335828987
2.1130608446080945 1.4826151064703421 -0.028840360619784865 -0.040471294936967
2.0842204839883096 1.4421438115333751 -0.011533315617092043 -0.01596059521670435
2.0726871683712176 1.4261832163166708 -0.028350898879775863 -0.03901560907679224
2.0443362694914415 1.3871676072398786 -0.011312610927993154 -0.015352158709705523
2.0330236585634482 1.371815448530173 -0.027879091337046587 -0.03762373155477044
2.0051445672264014 1.3341917169754025 -0.011095738348884414 -0.01476586021853297
1.994048828877517 1.3194258567568695 -0.027397616767959106 -0.03625700981205135
1.966651212109558 1.2831688469448181 -0.010882730168063823 -0.014201176329977638
1.9557684819414942 1.2689676706148405 -0.0269396921357484 -0.034958737388635586
1.928828789805746 1.234008933226205 -0.01067343468460419 -0.013657110282281162
1.9181553551211417 1.2203518229439239 -0.026453095164993536 -0.03365950815289429
1.8917022599561482 1.1866923147910295 -0.010467990016051934 -0.013133444481528525
1.8812342699400961 1.173558870309501 -0.026009362761254894 -0.03245052343272511
1.8552249071788411 1.141108346876776 -0.010266137656530143 -0.01262895439223773
1.844958769522311 1.1284793924845382 -0.025532343802084027 -0.031234002947331137
1.819426425720227 1.0972453895372072 -0.010068041923162843 -0.01214351119197876
1.8093583837970642 1.0851018783452284 -0.025087754531850005 -0.030091075167591273
1.7842706292652142 1.055010803177637 -0.009873502574086862 -0.011676089613326831
1.7743971266911274 1.0433347135643103 -0.02461756893856508 -0.02894996148360917
1.7497795577525623 1.0143847520807012 -0.009682641570280828 -0.011226470129038433
1.7400969161822815 1.003158281951663 -0.024202228828009164 -0.027904958700545622
1.7158946873542722 0.9752533232511172 -0.009495135062236197 -0.010793392033216496
1.706399552292036 0.9644599312179007 -0.02373354728263771 -0.02682848263646534
1.6826660050093984 0.9376314485814354 -0.009311259659433241 -0.010377020581150339
1.6733547453499653 0.9272544280002851 -0.02332366014761729 -0.02584863396019336
1.650031085202348 0.9014057940400918 -0.009130669921848016 -0.009976101474490792
1.6409004152805 0.891429692565601 -0.022871303128304866 -0.024849964722270204
1.6180291121521952 0.8665797278433308 -0.008953582680650381 -0.009590671990197096
1.6090755294715449 0.8569890558531337 -0.022470480638253184 -0.02393542830530412
1.5866050488332917 0.8330536275478295 -0.008779693381023657 -0.009219629579771897
1.577825355452268 0.8238339979680577 -0.022034076990704816 -0.023009418217373144
1.5557912784615633 0.8008245797506846 -0.008609181219867998 -0.008862941999798086
1.5471820972416952 0.7919616377508865 -0.021647265176237652 -0.02216132621023052
1.5255348320654576 0.769800311540656 -0.008441753086223441 -0.008519588041035649
1.517093078979234 0.7612807234996203 -0.02122627726642318 -0.021302787467013903
1.495866801712811 0.7399779360326064 -0.008277581032247764 -0.00818953575354676
1.4875892206805632 0.7317884002790597 -0.02083790910644624 -0.0205015470106599
1.4667513115741169 0.7112868532683998 -0.008116466534191727 -0.007872003788519244
1.4586348450399251 0.7034148494798805 -0.020439724011557962 -0.019713782977132714
1.4381951210283672 0.6837010665027479 -0.00795844699599214 -0.007566704432948905
1.430236674032375 0.6761343620697989 -0.020072532440718965 -0.01897829801646332
1.4101641415916562 0.6571560640533356 -0.00780333378441811 -0.0072729237186170805
1.402360807807238 0.6498831403347185 -0.019674193513617926 -0.018234860234257858
1.38268661429362 0.6316482801004606 -0.007651283175022368 -0.006990622181633671
1.3750353311185977 0.6246576579188269 -0.019316084762033676 -0.017550007617328348
1.355719246356564 0.6071076503014985 -0.007502055601370875 -0.006719024400988088
1.348217190755193 0.6003886259005105 -0.01893935155329625 -0.01686815942194132
1.3292778392018967 0.5835204664785691 -0.007355738502763698 -0.006457978664571904
1.321922100699133 0.5770624878139973 -0.018591677575382635 -0.01623175784505294
1.3033304231237504 0.5608307299689443 -0.0072121549705144545 -0.006206865220054364
1.296118268153236 0.55462386474889 -0.01822876925071754 -0.015600598648847072
1.2778894989025185 0.5390232661000429 -0.00707137417938025 -0.0059655161252339505
1.2708181247231383 0.5330577499748089 -0.017889830863328217 -0.015008147589196878
1.25292829385981 0.518049602385612 -0.006933247979128338 -0.005733394922008468
1.2459950458806817 0.5123162074636036 -0.017540386144718024 -0.014424173092530275
1.2284546597359636 0.4978920343710733 -0.006797819818424618 -0.00551030567039551
1.221656839917539 0.4923817287006778 -0.01720779957917328 -0.013871008334058927
1.2044490403383656 0.4785107203666189 -0.006664981480435307 -0.005295807431649102
1.1977840588579303 0.4732149129349698 -0.016887452098914745 -0.013343630875002782
1.1808966067590154 0.459871282059967 -0.006534650907394664 -0.005089519731698507
1.1743619558516207 0.4547817623282685 -0.016547581922527175 -0.012816386688107511
1.1578143739290936 0.441965375640161 -0.006406922253723019 -0.004891350227333444
1.1514074516753705 0.4370740254128275 -0.01624889171493597 -0.012336151724587841
1.1351585599604346 0.4247378736882397 -0.0062815532464274675 -0.004700688808513331
1.128877006714007 0.42003718487972636 -0.015915937631217236 -0.011844134653424572
1.1129610690827898 0.40819305022630176 -0.006158720431873461 -0.004517582776995535
1.1068023486509164 0.4036754674493062 -0.01563412223202859 -0.011404225167874569
1.0911682264188878 0.3922712422814316 -0.006038126792876378 -0.004341371826538394
1.0851300996260114 0.38792987045489324 -0.015313572497541884 -0.010949087482174637
1.0698165271284694 0.3769807829727186 -0.0059199742803329805 -0.004172148182022405
1.0638965528481363 0.3728086347906962 -0.015028056969463188 -0.010532207078486715
1.0488684958786731 0.36227642771220947 -0.005804055519426127 -0.0040094111093680026
1.043064440359247 0.3582670166028415 -0.014733793234479566 -0.010121392199972006
1.0283306471247675 0.3481456244028695 -0.00569040655877412 -0.0038530216911258387
1.0226402405659933 0.34429260271174367 -0.014458879792997082 -0.009735750968438359
1.0081813607729964 0.3345568517433053 -0.005578907760667381 -0.003702631072536616
1.002602453012329 0.3308542206707687 -0.014162247956586386 -0.00934695401261891
0.9884402050557426 0.32150726665814977 -0.005469667408563383 -0.003558207788517074
0.9829705376471792 0.3179490588696327 -0.013914143359579384 -0.009001264263208937
0.9690563942875998 0.30894779460642374 -0.005362404473011008 -0.00341920871786269
0.9636939898145888 0.3055285858885611 -0.013612646963929192 -0.00863148016081264
0.9500813428506596 0.2968971057277484 -0.005257403462439415 -0.0032858404880531577
0.9448239393882202 0.2936112652396953 -0.013386725022498528 -0.00832005436656633
0.9314372143657217 0.2852912108731289 -0.005149506268549257 -0.0031544989959491807
0.9262877080971724 0.28213671187717976 -0.013148710772013447 -0.00800989582439921
0.913138997325159 0.27412681605278055 -0.005048343482802268 -0.003031052948861418
0.9080906538423568 0.27109576310391914 -0.012873727323349167 -0.00768648574445295
0.8952169265190076 0.2634092773594662 -0.004949260243977087 -0.002912547843346122
0.8902676662750305 0.2604967295161201 -0.012637404071325277 -0.007395534073315287
0.8776302622037052 0.2531011954428048 -0.0048520313199683 -0.002798570150318871
0.872778230883737 0.2503026252924859 -0.01238471079030321 -0.007103581447402103
0.8603935200934337 0.2431990438450838 -0.0047567369617686935 -0.00268908087731551
0.855636783131665 0.2405099629677683 -0.012145816563198979 -0.006828107321746083
0.843490966568466 0.23368185564602223 -0.004663290185121937 -0.002583848190594046
0.8388276763833441 0.2310980074554282 -0.011914098819948394 -0.00656469636240012
0.8269135775633957 0.22453331109302807 -0.00457164109994348 -0.002482691640700715
0.8223419364634522 0.22205061945232735 -0.011673194174699206 -0.006304044297257987
0.810668742288753 0.21574657515506937 -0.004481830557925049 -0.0023855356518809696
0.8061869117308279 0.2133610395031884 -0.011450493115728598 -0.006060850352310513
0.7947364186150994 0.2073001891508779 -0.004393747754957053 -0.002292142952932841
0.7903426708601423 0.20500804619794505 -0.011231943422976216 -0.005826937760159691
0.7791107274371661 0.19918110843778536 -0.004307360188054892 -0.002202369307684196
0.7748033672491113 0.19697873913010117 -0.010998381271914645 -0.0055922505424974974
0.7638049859771966 0.19138648858760368 -0.004226618076570531 -0.0021181259801304193
0.759578367900626 0.18926836260747326 -0.010755837932579379 -0.005360183807227593
0.7488225299680467 0.18390817880024568 -0.0041437106321805485 -0.0020353615051407646
0.7446788193358661 0.1818728172951049 -0.010570761468492436 -0.005163391570459467
0.7341080578673737 0.17670942572464543 -0.0040622861129515605 -0.0019556909598138763
0.7300457717544221 0.17475373476483155 -0.010337648274605279 -0.004949121588174028
0.7197081234798168 0.16980461317665752 -0.00398260213065075 -0.0018792735337261968
0.7157255213491661 0.16792533964293133 -0.010165645256340004 -0.004770179018187214
0.7055598760928261 0.1631551606247441 -0.003900729913664652 -0.0018040260995056078
0.7016591461791615 0.1613511345252385 -0.009984503270165703 -0.004592004363043919
0.6916746429089957 0.1567591301621946 -0.003823964572729575 -0.00173330442669128
0.6878506783362661 0.1550258257355033 -0.009775379955280075 -0.004406294555414358
0.678075298380986 0.15061953118008894 -0.003748779784302547 -0.001665418147386322
0.6743265185966835 0.14895411303270262 -0.009595564123622047 -0.004239188890441403
0.6647309544730614 0.14471492414226123 -0.0036750047820332545 -0.0016001302020784481
0.6610559496910281 0.14311479394018278 -0.009394587057118852 -0.004067747643633138
0.6516613626339093 0.13904704629654965 -0.003602748762985396 -0.0015374597997245148
0.6480586138709239 0.13750958649682513 -0.009227097759661086 -0.003915739627062474
0.6388315161112628 0.13359384686976264 -0.003531818190238329 -0.0014771631222914334
0.6352996979210245 0.1321166837474712 -0.009028552458033155 -0.0037551486761251466
0.6262711454629913 0.12836153507134607 -0.003462377430956856 -0.0014193088257497214
0.6228087680320344 0.12694222624559634 -0.008867588926686591 -0.0036148221976428393
0.6139411791053478 0.1233274040479535 -0.003394210475556729 -0.0013636458377096498
0.6105469686297911 0.12196375821024386 -0.008679878156996446 -0.003467810390444175
0.6018670904727946 0.11849594781979968 -0.0033274581554417425 -0.001310223849089533
0.5985396323173529 0.11718572397071014 -0.008526958785540287 -0.003338919545505177
0.5900126735318125 0.11384680442520496 -0.003261920303393225 -0.0012588177152468934
0.5867507532284193 0.11258798670995807 -0.008338599833510067 -0.0032000850857686392
0.5784121533949093 0.10938790162418943 -0.0032007217917270803 -0.0012106254629155333
0.5752114316031822 0.1081772761612739 -0.008162242104123533 -0.0030700680469162773
0.5670491894990587 0.10510720811435763 -0.00313784329592337 -0.0011632498712368126
0.5639113462031353 0.10394395824312082 -0.008009387021326576 -0.002952688913614679
0.5559019591818087 0.10099126932950614 -0.0030761585910214955 -0.0011176976646147146
0.5528258005907872 0.09987357166489143 -0.007847396112172625 -0.0028354229384891126
0.5449784044786146 0.09703814872640232 -0.0030157116253475822 -0.001073947410802046
0.541962692853267 0.09596420131560027 -0.007702094962007851 -0.002727587714920833
0.5342605978912592 0.09323661360067943 -0.0029564031946683208 -0.0010318747944246037
0.531304194696591 0.09220473880625484 -0.007541895597830962 -0.0026177038338617464
0.52376229909876 0.08958703497239309 -0.0028983094400264254 -9.91483921661589E-4
0.5208639896587336 0.0885955510507315 -0.007402251047062377 -0.0025181487818346795
0.5134617386116712 0.08607740226889682 -0.0028413098970110863 -9.526418682603736E-4
0.5106204287146602 0.08512476040063645 -0.0072482882723801005 -0.0024167023793162414
0.5033721404422801 0.08270805802132021 -0.0027854777424808005 -9.153524251055173E-4
0.5005866626997992 0.0817927055962147 -0.007116620772031662 -0.0023256219592720897
0.49347004192776756 0.0794670836369426 -0.0027306831426211573 -8.794836859110827E-4
0.4907393587851464 0.07858759995103153 -0.006966075266576156 -0.002231111593061128
0.48377328351857024 0.0763564883579704 -0.0026770248199748134 -8.450578875034473E-4
0.4810962586985954 0.07551143047046696 -0.006839534256737431 -0.0021470256986619684
0.47425672444185796 0.07336440477180499 -0.0026243636546789055 -8.119436900209128E-4
0.4716323607871791 0.07255246108178408 -0.006698723362742373 -0.002060964880619428
0.4649336374244367 0.07049149620116466 -0.0025727730931603024 -7.801484346352263E-4
0.46236086433127643 0.06971134776652943 -0.006570834728580991 -0.001981403618764335
0.45579002960269543 0.06772994414776509 -0.002522175704017837 -7.495855919133865E-4
0.4532678538986776 0.0669803585558517 -0.0064416095424824965 -0.001903780791517244
0.44682624435619506 0.06507657776433445 -0.0024725733873886997 -7.202200692319011E-4
0.44435367096880635 0.06435635769510255 -0.006311276673362649 -0.0018281418862507687
0.43804239429544367 0.06252821580885178 -0.00242396676641835 -6.920166589257806E-4
0.4356184275290253 0.061836199149926 -0.006196573253259675 -0.0017592117941803058
0.4294218542757656 0.06007698735574569 -0.0023762638436227415 -6.648882513350726E-4
0.4270455904321429 0.059412099104410615 -0.006061938322155633 -0.0016867167741799359
0.4209836521099873 0.05772538233023068 -0.0023295699119747224 -6.388624031348814E-4
0.41865408219801253 0.0570865199270958 -0.005957384116684689 -0.001624665047119414
0.41269669808132786 0.05546185487997638 -0.0022816183431392735 -6.132483541884091E-4
0.4104150797381886 0.05484860652578797 -0.005852338508631786 -0.0015642340058285812
0.4045627412295568 0.05328437251995939 -0.0022366492768938076 -5.891716716388535E-4
0.402326091952663 0.052695200848320536 -0.005728343242805826 -0.0015005549167479233
0.3965977487098572 0.051194645931572615 -0.0021926143400493835 -5.660653151384217E-4
0.39440513436980784 0.050628580616434195 -0.005624043729940332 -0.0014438825794020002
0.3887810906398675 0.049184698037032196 -0.0021493994790692706 -5.438410811852154E-4
0.3866316911607982 0.04864085695584698 -0.005501710347204669 -0.0013843040398857978
0.38112998081359356 0.04725655291596118 -0.0021090342378019085 -5.230010394223231E-4
0.37902094657579166 0.04673355187653886 -0.005383338127091901 -0.0013275388281533444
0.37363760844869975 0.04540601304838551 -0.002067574183134495 -5.025206147084072E-4
0.3715700342655653 0.044903492433677104 -0.005285499397036802 -0.0012774839750043956
0.36628453486852847 0.04362600845867271 -0.0020268849571109912 -4.828208229726061E-4
0.36425764991141746 0.0431431876357001 -0.005176642317361745 -0.0012262575727656272
0.3590810075940557 0.041916930062934475 -0.001987023265773113 -4.639059905891499E-4
0.3570939843282826 0.04145302407234532 -0.005076648372396247 -0.0011786388817701897
0.35201733595588636 0.040274385190575135 -0.0019479354844925958 -4.4572750268569573E-4
0.3500694004713938 0.039828657687889436 -0.004976782948253309 -0.0011324530745388803
0.34509261752314047 0.038696204613350556 -0.001909616619546251 -4.2826135182715957E-4
0.3431830009035942 0.0382679432615234 -0.0048788820294705364 -0.001088077091183739
0.3383041188741237 0.03717986617033966 -0.00187205154517586 -4.114796245771622E-4
0.33643206732894787 0.0367683865457625 -0.004785669793113862 -0.001046043905568269
0.331646397535834 0.03572234264019423 -0.0018352101447218119 -3.9534881785911475E-4
0.3298111873911122 0.03532699382233511 -0.004687106914030088 -0.0010040981223611895
0.32512408047708213 0.03432289569997392 -0.0017991180221411038 -3.7986076045354794E-4
0.323324962454941 0.03394303493952037 -0.004599224201382028 -9.656639349889586E-4
0.318725738253559 0.03297737100453141 -0.001763711931059584 -3.649694751002492E-4
0.3169620263224994 0.03261240152943116 -0.004504501247555948 -9.269413442331363E-4
0.31245752507494345 0.03168546018519802 -0.0017290259266279175 -3.5067154899984395E-4
0.3107284991483155 0.03133478863619818 -0.004420042370038812 -8.914605117189327E-4
0.3063084567782767 0.03044332812447925 -0.0016949992264964598 -3.369245378708055E-4
0.30461345755178026 0.030106403586608443 -0.0043305557678299965 -8.560190396607309E-4
0.3002829017839503 0.02925038454694771 -0.0016616560039096014 -3.2372190897549206E-4
0.2986212457800407 0.02892666263797222 -0.004247819439025888 -8.229504202807463E-4
0.29437342634101477 0.028103712217691472 -0.001628955123202197 -3.110313764869221E-4
0.29274447121781255 0.02779268084120455 -0.0041603338138494796 -7.899505626882313E-4
0.28858413740396305 0.02700273027851632 -0.0015969193107617647 -2.988465118905177E-4
0.28698721809320127 0.026703883766625802 -0.0040837846027530714 -7.599844347384027E-4
0.2829034334904482 0.0259438993318874 -0.0015654843682184286 -2.8712814371744663E-4
0.2813379491222298 0.025656771188169954 -0.0039982301902515265 -7.29241664474842E-4
0.2773397189319783 0.024927529523695112 -0.0015346968020759765 -2.758797044360767E-4
0.2758050221299023 0.024651649819259037 -0.003924663649550697 -7.015784788830322E-4
0.27188035848035164 0.023950071340376005 -0.0015044866934815187 -2.650619106207541E-4
0.2703758717868701 0.023685009429755252 -0.0038424427869280403 -6.731983371165976E-4
0.2665334289999421 0.023011811092638654 -0.0014748987368552163 -2.5467793094944934E-4
0.2650585302630869 0.022757133161689206 -0.0037717426995833034 -6.476611092716072E-4
0.2612867875635036 0.0221094720524176 -0.0014458657376686976 -2.4469150098731896E-4
0.2598409218258349 0.02186478055143028 -0.0036940442873895484 -6.216839682024754E-4
0.25614687753844534 0.021243096583227806 -0.0014174233511659916 -2.3510308958282945E-4
0.2547294541872793 0.021007993493644975 -0.0036234686663459813 -5.976678779443965E-4
0.25110598552093333 0.020410325615700577 -0.0013895288941849363 -2.2588658827787778E-4
0.24971645662674838 0.020184439027422698 -0.0035501092113870533 -5.739066130114079E-4
0.24616634741536134 0.01961053241441129 -0.0013621947394045558 -2.170350608221813E-4
0.2448041526759568 0.01939349735358911 -0.0034835259773256357 -5.519330541083486E-4
0.24132062669863116 0.01884156429948076 -0.001335380289183154 -2.0852468292588208E-4
0.23998524640944802 0.01863303961655488 -0.003411764868779233 -5.297954846263487E-4
0.2365734815406688 0.01810324413192853 -0.0013091113201333143 -2.0035349414402196E-4
0.23526437022053548 0.01790289063778451 -0.0033477763193307235 -5.09510838964354E-4
0.23191659390120475 0.017393379798820156 -0.001283341803255476 -1.9249723377046604E-4
0.23063325209794927 0.017200882565049692 -0.003278811672187484 -4.890747887668762E-4
0.22735444042576178 0.016711807776282814 -0.0012580965106724132 -1.849540920423311E-4
0.22609634391508937 0.016526853684240485 -0.0032173166949872557 -4.7034924451398795E-4
0.2228790272201021 0.016056504439726497 -0.0012333312070904223 -1.7770167295951404E-4
0.22164569601301168 0.015878802766766984 -0.0031510395338350413 -4.514839328539429E-4
0.21849465647917662 0.015427318833913042 -0.001209069699286471 -1.707383058596074E-4
0.21728558677989016 0.015256580528053435 -0.0030919409567700985 -4.341976556662747E-4
0.21419364582312006 0.01482238287238716 -0.0011852694757737198 -1.640433161250701E-4
0.21300837634734635 0.01465833955626209 -0.0030282465528638043 -4.1678235375658564E-4
0.20998012979448255 0.014241557202505504 -0.001161953415601928 -1.5761516150254636E-4
0.20881817637888062 0.014083942041002958 -0.002971450990524967 -4.008247198970085E-4
0.20584672538835566 0.013683117321105949 -0.0011390806639160235 -1.5143475644959552E-4
0.20470764472443964 0.013531682564656353 -0.002910238696297989 -3.8474797830529854E-4
0.20179740602814164 0.013146934586351054 -0.0011166732081911946 -1.4550067725224467E-4
0.20068073281995044 0.013001433909098808 -0.0028556564024156844 -3.7001686670551555E-4
0.19782507641753475 0.012631417042393293 -0.0010946917856467903 -1.3979530530499698E-4
0.19673038463188797 0.012491621737088296 -0.0027968294924403184 -3.5517580213213486E-4
0.19393355513944766 0.012136445934956162 -0.0010731575269272318 -1.3431732632218795E-4
0.1928603976125204 0.012002128608633974 -0.002745958011588549 -3.4177406680670463E-4
0.19011443960093186 0.01166035454182727 -0.0010520239351492853 -1.2904829423875954E-4
0.18906241566578258 0.01153130624758851 -0.002686857782660529 -3.277539835346832E-4
0.18637555788312204 0.011203552264053828 -0.0010313343280574485 -1.2399274000671773E-4
0.1853442235550646 0.01107955952404711 -0.002638942270539258 -3.1550287790088285E-4
0.18270528128452534 0.010764056646146228 -0.0010100970594270288 -1.1901946007621143E-4
0.1816951842250983 0.010645037186070017 -0.00259330767917964 -3.0386998750157174E-4
0.17910187654591866 0.010341167198568445 -9.901754211207787E-4 -1.1434352094125202E-4
0.17811170112479788 0.010226823677627193 -0.00253742785391421 -2.913882366268377E-4
0.17557427327088368 0.009935435441000355 -9.706728557330325E-4 -1.0985729643417316E-4
0.17460360041515063 0.009825578144566182 -0.002491204405828016 -2.8037822250344364E-4
0.17211239600932263 0.009545199922062738 -9.515336605361815E-4 -1.0554241568861855E-4
0.17116086234878644 0.009439657506374119 -0.002439273014676732 -2.690556883987597E-4
0.16872158933410972 0.009170601817975358 -9.327873833205584E-4 -1.0140043970691331E-4
0.16778880195078916 0.009069201378268445 -0.002393972413366913 -2.5879459962067783E-4
0.16539482953742224 0.008810406778647768 -9.143951930979833E-4 -9.741772013266729E-5
0.16448043434432424 0.0087129890585151 -0.0023432331109833446 -2.4825523520697945E-4
0.1621372012333409 0.00846473382330812 -8.963852004610736E-4 -9.359557297570273E-5
0.16124081603287985 0.008371138250332416 -0.0023013655986458366 -2.389599614392281E-4
0.15893945043423402 0.008132178288893187 -8.787062441865246E-4 -8.991846670874603E-5
0.1580607441900475 0.008042259822184442 -0.0022517764548058428 -2.2914445207535886E-4
0.15580896773524167 0.007813115370109083 -8.613991836209624E-4 -8.639054990447876E-5
0.1549475685516207 0.007726724820204604 -0.0022115430362607577 -2.2056473204397258E-4
0.15273602551535995 0.007506160088160631 -8.444102390306968E-4 -8.299650868693036E-5
0.15189161527632924 0.007423163579473701 -0.0021638893623733913 -2.115048243519992E-4
0.14972772591395586 0.007211658755121701 -8.277786750173847E-4 -7.974017227006775E-5
0.14889994723893848 0.007131918582851633 -0.0021244705361586325 -2.0351318017913005E-4
0.14677547670277985 0.006928405402672503 -8.114569889339883E-4 -7.66082061181291E-5
0.14596401971384587 0.006851797196554374 -0.002080184041584149 -1.952946926562534E-4
0.14388383567226173 0.006656502503898121 -7.954703787971073E-4 -7.36017432882563E-5
0.14308836529346464 0.006582900760609865 -0.0020415522085126306 -1.8784665767449885E-4
0.141046813084952 0.006395054102935366 -7.797857299855224E-4 -7.071087708945042E-5
0.1402670273549665 0.006324343225845915 -0.0019989942208790156 -1.8026083246675011E-4
0.13826803313408748 0.0061440823933791655 -7.644230790679938E-4 -6.793585291894152E-5
0.1375036100550195 0.006076146540460224 -0.0019618701926641282 -1.7338615006861808E-4
0.13554173986235535 0.005902760390391605 -7.493506038907502E-4 -6.526752670659552E-5
0.1347923892584646 0.0058374928636850095 -0.001920973248148079 -1.6638428458882795E-4
0.13287141601031652 0.005671108579096182 -7.345875589929849E-4 -6.270612495886978E-5
0.13213682845132355 0.005608402454137312 -0.0018852981749940734 -1.6003881787298108E-4
0.13025153027632946 0.005448363636264331 -7.201033642432226E-4 -6.024320751964903E-5
0.12953142691208624 0.005388120428744682 -0.001845997442893017 -1.535759586777814E-4
0.12768542946919323 0.0052345444700669 -7.05916522673793E-4 -5.787898345883688E-5
0.12697951294651943 0.005176665486608063 -0.0018117147719183926 -1.4771896841844068E-4
0.12516779817460105 0.005028946518189623 -6.919976476992446E-4 -5.560566234676625E-5
0.12447580052690181 0.004973340855842856 -0.0017739479518794803 -1.4175362259773958E-4
0.12270185257502234 0.004831587233245117 -6.783645201764418E-4 -5.342343715905952E-5
0.12202348805484589 0.0047781637960860575 -0.0017410033374681605 -1.363475056903194E-4
0.12028248471737774 0.004641816290395738 -6.649889004817195E-4 -5.132511717630719E-5
0.11961749581689601 0.0045904911732194305 -0.00170471056072843 -1.308413744741253E-4
0.11791278525616758 0.0044596497987453056 -6.518878754830682E-4 -4.931088051879438E-5
0.11726089738068451 0.004410338918226511 -0.0016730517783799395 -1.258514225154235E-4
0.11558784560230458 0.004284487495711088 -6.390343077525594E-4 -4.737409001144395E-5
0.11494881129455202 0.004237113405699644 -0.0016381755128610845 -1.2076915538771761E-4
0.11331063578169094 0.004116344250311927 -6.264446172557745E-4 -4.55149100627733E-5
0.11268419116443516 0.004070829340249153 -0.0016083242905703277 -1.1620465378564113E-4
0.11107586687386484 0.003954624686463512 -6.140895638800663E-4 -4.372675752830204E-5
0.11046177730998477 0.00391089792893521 -0.0015736685954328938 -1.114314362956131E-4
0.10888810871455187 0.0037994664926395967 -6.019944122351714E-4 -4.201115484593097E-5
0.1082861143023167 0.0037574553377936657 -0.0015455512096612378 -1.0725917501041648E-4
0.10674056309265546 0.003650196162783249 -5.901215780050276E-4 -4.036065497873999E-5
0.10615044151465043 0.0036098355078045094 -0.0015122481302665227 -1.0285340163175204E-4
0.1046381933843839 0.0035069821061727573 -5.78498501511434E-4 -3.877712004823521E-5
0.10405969488287246 0.0034682049861245222 -0.0014852281692756429 -9.900232261899921E-5
0.10257446671359682 0.003369202663505523 -5.670890653584808E-4 -3.725367629325214E-5
0.10200737764823835 0.003331948987212271 -0.0014537426382454218 -9.496952912312768E-5
0.10055363500999293 0.0032369794580891435 -5.559167765934482E-4 -3.579166851723047E-5
0.09999771823339948 0.003201187789571913 -0.0014267446698892768 -9.134763666159096E-5
0.0985709735635102 0.003109840152910322 -5.449555143745812E-4 -3.438587403339471E-5
0.09802601804913562 0.0030754542788769272 -0.0013970028970537384 -8.765873842174841E-5
0.09662901515208187 0.002987795540455179 -5.342192813159505E-4 -3.303641217555303E-5
0.09609479587076593 0.002954759128279626 -0.0013715463793037268 -8.434565363054049E-5
0.0947232494914622 0.0028704134746490857 -5.236831420417325E-4 -3.173850465293948E-5
0.09419956634942046 0.002838674969996146 -0.0013419927044219365 -8.08810750960198E-5
0.09285757364499853 0.0027577938949001264 -5.133686416993902E-4 -3.0493256507526765E-5
0.09234420500329914 0.0027273006383925994 -0.001318014767337541 -7.785269289485194E-5
0.09102619023596159 0.0026494479454977475 -5.032437291454347E-4 -2.92952624033307E-5
0.09052294650681615 0.0026201526830944167 -0.0012900740133754507 -7.46814154415875E-5
0.0892328724934407 0.0025454712676528293 -4.933292649022377E-4 -2.8145579856644087E-5
0.08873954322853846 0.002517325687796185 -0.001266115592899986 -7.183325921608816E-5
0.08747342763563846 0.002445492428580097 -4.8360206892522373E-4 -2.7040101890793425E-5
0.08698982556671324 0.0024184523266893034 -0.0012397222773037995 -6.893241149666598E-5
0.08575010328940944 0.0023495199151926374 -4.740745673536948E-4 -2.5978922346590456E-5
0.08527602872205574 0.002323540992846047 -0.001217131764267766 -6.63270930964387E-5
0.08405889695778797 0.0022572138997496083 -4.6472463214413225E-4 -2.4958283708113104E-5
0.08359417232564384 0.002232255616041495 -0.0011909053697453074 -6.360264419945522E-5
0.08240326695589853 0.0021686529718420396 -4.555713827982452E-4 -2.3979054949856726E-5
0.08194769557310029 0.002144673916892183 -0.001169626972377624 -6.122120805494085E-5
0.08077806860072266 0.0020834527088372423 -4.4658637662870637E-4 -2.3036985464853347E-5
0.08033148222409395 0.002060415723372389 -0.0011448319091715846 -5.872740302974457E-5
0.07918665031492236 0.002001688320342644 -4.37788125590183E-4 -2.2132906854715894E-5
0.07874886218933218 0.0019795554134879284 -0.0011235708311487073 -5.648769161616801E-5
0.07762529135818347 0.0019230677218717604 -4.2915605934763155E-4 -2.1263589506388548E-5
0.07719613529883583 0.001901804132365372 -0.0011001489890140137 -5.42065450666671E-5
0.07609598630982181 0.0018475975872987048 -4.207012050519235E-4 -2.0429107213694557E-5
0.07567528510476988 0.0018271684800850103 -0.001080101813503099 -5.215779461374312E-5
0.07459518329126678 0.0017750106854712672 -4.124039259302496E-4 -1.962650516986384E-5
0.07418277936533653 0.0017553841803014034 -0.0010568280997467275 -5.001536322755392E-5
0.0731259512655898 0.0017053688170738494 -4.042811889282403E-4 -1.8856466712445763E-5
0.07272167007666155 0.0016865123503614036 -0.0010379453162552448 -4.814266759877482E-5
0.07168372476040631 0.0016383696827626287 -3.9630775355915034E-4 -1.8115649281486776E-5
0.07128741700684717 0.001620254033481142 -0.0010159417883538278 -4.618160818491228E-5
0.07027147521849333 0.0015740724252962296 -3.8850004762183823E-4 -1.7404706825533444E-5
0.0698829751708715 0.0015566677184706962 -9.970743743205116E-4 -4.442036097129582E-5
0.06888590079655099 0.0015122473574994003 -3.8083981667842216E-4 -1.672109966605345E-5
0.06850506097987256 0.0014955262578333467 -9.76852036393078E-4 -4.2651093205305014E-5
0.06752820894347948 0.0014528751646280418 -3.733337361822601E-4 -1.606461423761419E-5
0.06715487520729722 0.0014368105503904276 -9.575989811795851E-4 -4.097657288334726E-5
0.06619727622611764 0.0013958339775070805 -3.659755951660251E-4 -1.5433903018189903E-5
0.0658313006309516 0.0013804000744888905 -9.387253899189161E-4 -3.936779573695484E-5
0.06489257524103269 0.0013410322787519356 -3.587624778483405E-4 -1.4827954089127763E-5
0.06453381276318435 0.0013262043246628078 -9.202237836478677E-4 -3.782218062986039E-5
0.06361358897953648 0.0012883821440329475 -3.51691525915796E-4 -1.4245795260612375E-5
0.06326189745362068 0.0012741363487723352 -9.026063453604758E-4 -3.635817449514447E-5
0.062359291108260204 0.0012377781742771907 -3.447570652230659E-4 -1.3686261122504749E-5
0.06201453404303714 0.001224091913154686 -8.837907061993987E-4 -3.48899196962174E-5
0.06113074333683774 0.0011892019934584687 -3.3796496549527016E-4 -1.3149148488888256E-5
0.06079277837134247 0.0011760528449695803 -8.673775166212045E-4 -3.3559308306457677E-5
0.05992540085472126 0.0011424935366631226 -3.313011575953097E-4 -1.2632687502893217E-5
0.05959409969712595 0.0011298608491602294 -8.497856481472749E-4 -3.222263743892621E-5
0.058744314048978674 0.0010976382117213032 -3.2477144865082223E-4 -1.2136716817154608E-5
0.058419542600327855 0.0010855014949041487 -8.330369805969421E-4 -3.0957547680058154E-5
0.057586505619730916 0.0010545439472240906 -3.183704356010586E-4 -1.1660218387106305E-5
0.057268135184129855 0.0010428837288369843 -8.166184173091644E-4 -2.9742126484200376E-5
0.05645151676682069 0.001013141602352784 -3.120955819419478E-4 -1.120242771445723E-5
0.056139421184878746 0.0010019391746383267 -8.005234521649429E-4 -2.85744238188479E-5
0.055338897732713804 9.733647508194787E-4 -3.059444011621008E-4 -1.0762610315807571E-5
0.055032953331551705 9.626021405036712E-4 -7.851976447181725E-4 -2.746837622798691E-5
0.054247755686833536 9.351337642756843E-4 -2.9991195719435105E-4 -1.0339885730996657E-5
0.053947843729639185 9.247938785446877E-4 -7.688294952706474E-4 -2.6359118797560584E-5
0.053179014234368535 8.984347597471271E-4 -2.9400335624514524E-4 -9.93410045431966E-6
0.05288501087812339 8.885006592928075E-4 -7.548197020666632E-4 -2.5362869054863238E-5
0.052130191176056724 8.631377902379442E-4 -2.8820487532761656E-4 -9.543817646321478E-6
0.05184198630072911 8.535939725916227E-4 -7.385550708402859E-4 -2.4321064908247186E-5
0.05110343122988882 8.292729076833755E-4 -2.825283716432674E-4 -9.169369594839688E-6
0.05082090285824555 8.201035380885358E-4 -7.253590028112887E-4 -2.3410425676583356E-5
0.050095543855434264 7.966931124119525E-4 -2.769562060987764E-4 -8.809130906948115E-6
0.049818587649335486 7.878839815050044E-4 -7.09982029856215E-4 -2.2456817620664966E-5
0.04910860561947927 7.654271638843394E-4 -2.714998591176414E-4 -8.463419579438573E-6
0.048837105760361633 7.569637443049008E-4 -6.970445691083947E-4 -2.16080563647136E-5
0.04814006119125324 7.353556879401873E-4 -2.6614520340108327E-4 -8.130915677961134E-6
0.04787391598785216 7.272247722622261E-4 -6.820248593235861E-4 -2.0720484746834844E-5
0.04719189112852857 7.065042875153913E-4 -2.60903188581033E-4 -7.811902297236202E-6
0.04693098793994754 6.986923852181551E-4 -6.698388398966779E-4 -1.9944659906074627E-5
0.04626114910005086 6.787477253120805E-4 -2.5575752568918474E-4 -7.5049946735019295E-6
0.046005391574361676 6.712427306385786E-4 -6.556388455691395E-4 -1.913222750430033E-5
0.04534975272879253 6.521105031342782E-4 -2.5071881641866914E-4 -7.210463726132085E-6
0.04509903391237387 6.449000394081461E-4 -6.436916391996842E-4 -1.8409119995480636E-5
0.044455342273174187 6.264909194126655E-4 -2.4577401479723184E-4 -6.927184928726711E-6
0.044209568258376956 6.195637344839388E-4 -6.298215625357866E-4 -1.7652947753871927E-5
0.04357974669584117 6.019107867300668E-4 -2.4093323235409016E-4 -6.655399465619553E-6
0.04333881346348708 5.952553872644472E-4 -6.185682809410971E-4 -1.6991978884300075E-5
0.04272024518254598 5.782634083801472E-4 -2.3618142690517955E-4 -6.3939275785840095E-6
0.0424840637556408 5.718694808015632E-4 -6.05455177374404E-4 -1.6299821972079906E-5
0.0418786085782664 5.555696588294833E-4 -2.3152838867272117E-4 -6.1430000790904244E-6
0.04164708018959368 5.494266587503929E-4 -5.944224296956603E-4 -1.568376596617124E-5
0.04105265775989802 5.337428927842217E-4 -2.2696207024448694E-4 -5.901658919775094E-6
0.04082569568965353 5.278412338644466E-4 -5.816139913557278E-4 -1.5039540252480549E-5
0.0402440816982978 5.12801693611966E-4 -2.2249180919673122E-4 -5.670109579153349E-6
0.040021589889101074 5.071315840328127E-4 -5.715507165785481E-4 -1.4484752907455205E-5
0.03945003917252252 4.926468311253576E-4 -2.18101897669781E-4 -5.447254857190764E-6
0.03923193727485274 4.871995762681668E-4 -5.585866969250071E-4 -1.3873554096720037E-5
0.03867335057792773 4.733260221714468E-4 -2.1400421002108874E-4 -5.2384269758636736E-6
0.03845934636790664 4.6808759519558315E-4 -5.467596395086989E-4 -1.330919159984472E-5
0.037912586728397944 4.547784035957384E-4 -2.09794420483894E-4 -5.033155469684307E-6
0.03770279230791405 4.497452481260541E-4 -5.368146383540099E-4 -1.2807000115667537E-5
0.037165977669560035 4.3693824801038653E-4 -2.0566295839324222E-4 -4.835713647569441E-6
0.03696031471116679 4.321025343628171E-4 -5.254485646815107E-4 -1.228602398277673E-5
0.036434866146485285 4.1981651038004036E-4 -2.016172540103842E-4 -4.646222751072781E-6
0.0362332488924749 4.151702876289676E-4 -5.158911902798764E-4 -1.1822439356147785E-5
0.03571735770219502 4.033478482728198E-4 -1.9764682410169574E-4 -4.463959617845764E-6
0.03551971087809333 3.9888388865497404E-4 -5.04968132567267E-4 -1.1341514183861181E-5
0.035014742745526066 3.8754237447111286E-4 -1.937588093188039E-4 -4.289036168783464E-6
0.034820983936207264 3.832533383023294E-4 -4.957832763734648E-4 -1.0913568444401224E-5
0.0343252006598338 3.723397698579282E-4 -1.8994313503354848E-4 -4.120784835920447E-6
0.03413525752480025 3.682189850220077E-4 -4.8528596716794026E-4 -1.0469615244365905E-5
0.03364997155763231 3.577493697776418E-4 -1.8620666357605984E-4 -3.959308936035248E-6
0.03346376489405625 3.537900608416066E-4 -4.7645910952318776E-4 -1.0074568589661985E-5
0.032987305784533065 3.437154922519446E-4 -1.825397129974085E-4 -3.8039922216291455E-6
0.03280476607153566 3.399115000303154E-4 -4.663709544062206E-4 -9.664745076194192E-6
0.03233839511712944 3.302467549541212E-4 -1.7894887815437762E-4 -3.654930066820799E-6
0.032159446238975056 3.2659182488730044E-4 -4.578881415851226E-4 -9.30006833098416E-6
0.031701558097389934 3.172917565563163E-4 -1.7542485447179245E-4 -3.5115535992266494E-6
0.03152613324291814 3.137802029570896E-4 -4.481931929395752E-4 -8.921750724133427E-6
0.031077940049978568 3.048584522329562E-4 -1.7197397975840954E-4 -3.3739508609114924E-6
0.03090596607022016 3.014845013720447E-4 -4.4004101509171326E-4 -8.585109147971606E-6
0.030465925055128445 2.928993922240731E-4 -1.6858731210389518E-4 -3.241596712561259E-6
0.03029733774302455 2.8965779551151183E-4 -4.3072394689143173E-4 -8.235875375506489E-6
0.029866613796133118 2.8142192013600533E-4 -1.6527094228795174E-4 -3.114572427851472E-6
0.029701342853845167 2.7830734770815387E-4 -4.228895168427242E-4 -7.925113715243655E-6
0.029278453337002443 2.703822339929102E-4 -1.6201627692948291E-4 -2.9923932384805766E-6
0.02911643706007296 2.6738984075442966E-4 -4.1393560042475905E-4 -7.602727906014487E-6
0.0287025014596482 2.5978711284841517E-4 -1.5882916940759926E-4 -2.875134170066707E-6
0.0285436722902406 2.5691197867834845E-4 -4.064065333050826E-4 -7.315856597394868E-6
0.02813726575693552 2.4959612208095357E-4 -1.5570136128580233E-4 -2.762347721727909E-6
0.02798156439564972 2.468337743592257E-4 -3.978016140862361E-4 -7.018254766796632E-6
0.027583762781563482 2.3981551959242905E-4 -1.5263847779578427E-4 -2.654103151355381E-6
0.027431124303767696 2.3716141644107368E-4 -3.90566007751102E-4 -6.753437196831504E-6
0.027040558296016592 2.304079792442422E-4 -1.4963258239049398E-4 -2.54998736048805E-6
0.0268909257136261 2.2785799188375415E-4 -3.822964828519963E-4 -6.4787140327220596E-6
0.026508629230774104 2.213792778510321E-4 -1.4668908104671733E-4 -2.4500642826943716E-6
0.026361940149727387 2.1892921356833771E-4 -3.753428990673319E-4 -6.234254781290876E-6
0.025986597250660055 2.1269495878704683E-4 -1.4380034656055125E-4 -2.3539525771872752E-6
0.025842796904099505 2.1034100620985957E-4 -3.6739569580862476E-4 -5.980651445765049E-6
0.02547540120829088 2.043603547640945E-4 -1.4097157419978352E-4 -2.2617112625291917E-6
0.025334429634091094 2.0209864350156532E-4 -3.6071314216891626E-4 -5.754985431164267E-6
0.024973716491922177 1.9634365807040104E-4 -1.3819543404637737E-4 -2.1729883141797564E-6
0.0248355210578758 1.941706697562213E-4 -3.530756974056704E-4 -5.520878300088113E-6
0.02448244536047013 1.8864979145613318E-4 -1.3547691887193667E-4 -2.0878382135451476E-6
0.024346968441598196 1.8656195324258802E-4 -3.466536099568836E-4 -5.312560759035116E-6
0.024000314831641313 1.812493924835529E-4 -1.3280898445696646E-4 -2.005935998593449E-6
0.023867505847184348 1.7924345648495944E-4 -3.3931385021842176E-4 -5.096451027248383E-6
0.023528191996965927 1.7414700545771106E-4 -1.3019642896958938E-4 -1.927331962376489E-6
0.02339799556799634 1.7221967349533457E-4 -3.3314207675822936E-4 -4.904148265190314E-6
0.02306485349123811 1.6731552523014426E-4 -1.2763248275316752E-4 -1.8517261248926523E-6
0.022937221008484943 1.654637991052516E-4 -3.260883991620787E-4 -4.704652350827324E-6
0.022611132609322866 1.607591467544243E-4 -1.2512175695741088E-4 -1.7791649128265577E-6
0.022486010852365453 1.5897998184159773E-4 -3.2015718319099574E-4 -4.527133203336262E-6
0.022165853669174458 1.5445284863826146E-4 -1.226577457868899E-4 -1.7093714076691762E-6
0.02204319592338757 1.5274347723059228E-4 -3.133784371007505E-4 -4.342973889831581E-6
0.02172981748628682 1.484005033407607E-4 -1.202448806623269E-4 -1.6423884669717268E-6
0.021609572605624492 1.4675811487378898E-4 -3.076784023988072E-4 -4.1791018404200515E-6
0.021301894203225685 1.4257901303336892E-4 -1.1787690936497065E-4 -1.577960460824784E-6
0.021184017293860713 1.4100105257254414E-4 -3.011638717969135E-4 -4.009100099488122E-6
0.0208828534220638 1.36991952473056E-4 -1.155580905918605E-4 -1.516126952029601E-6
0.02076729533147194 1.354758255210264E-4 -2.956860076014835E-4 -3.857826003381464E-6
0.020471609323870456 1.3161799951764494E-4 -1.1328241581725406E-4 -1.456651962677651E-6
0.0203583269080532 1.3016134755496728E-4 -2.8942539414908116E-4 -3.7008934466191253E-6
0.02006890151390412 1.2646045410834815E-4 -1.1105397774676645E-4 -1.3995720141099468E-6
0.019957847536157355 1.250608820942382E-4 -2.841610409104345E-4 -3.5612488139007148E-6
0.019673686495246923 1.2149963328033748E-4 -1.0886700204923082E-4 -1.3446692696365728E-6
0.01956481949319769 1.2015496401070091E-4 -2.781444476674758E-4 -3.416380724686111E-6
0.019286675045530215 1.167385832860148E-4 -1.0672542190869317E-4 -1.291977442955931E-6
0.01917994962362152 1.1544660584305887E-4 -2.7308528335953793E-4 -3.287471519812657E-6
0.018906864340261984 1.1215913432324622E-4 -1.046236880603498E-4 -1.2412954439584861E-6
0.018802240652201634 1.1091783887928774E-4 -2.6730319913944835E-4 -3.1537404208892313E-6
0.018534937453062186 1.077640984583985E-4 -1.0256558038435695E-4 -1.1926543945425146E-6
0.01843237187267783 1.0657144406385599E-4 -2.62441226104126E-4 -3.0347413388792907E-6
0.0181699306465737 1.035367027249767E-4 -1.0054576590985237E-4 -1.1458686637559098E-6
0.018069384880663848 1.0239083406122079E-4 -2.5688451043827376E-4 -2.911291054443122E-6
0.017812500370225574 9.947954300677767E-5 -9.856787718843507E-5 -1.1009669809460367E-6
0.01771393249303714 9.837857602583163E-5 -2.5221204274254933E-4 -2.8014402370937345E-6
0.01746172045029459 9.55771357887379E-5 -9.662678911268568E-5 -1.057777985868179E-6
0.017365093661181902 9.451935780286972E-5 -2.468719114307558E-4 -2.6874804113684008E-6
0.017118221749751146 9.183187739150133E-5 -9.472599264807771E-5 -1.0163281992503673E-6
0.017023495757103067 9.081554919225097E-5 -2.423815627165653E-4 -2.586074569671904E-6
0.016781114194386503 8.822947462257906E-5 -9.286056244873197E-5 -9.764594344694336E-7
0.01668825363193777 8.725301518810963E-5 -2.3724957394081366E-4 -2.4808756068775868E-6
0.016451004057996956 8.477213958123204E-5 -9.103385341260521E-5 -9.381961734255884E-7
0.01635997020458435 8.383394340780645E-5 -2.329342457485005E-4 -2.387265518411255E-6
0.01612703595883585 8.144667788939519E-5 -8.9241132169244E-5 -9.013923903717814E-7
0.016037794826666604 8.054528549902341E-5 -2.280022867278906E-4 -2.2901539117326567E-6
0.015809792539938715 7.825513158729075E-5 -8.748562285259797E-5 -8.660706851188932E-7
0.015722306917086117 7.738906090217186E-5 -2.2385515727477647E-4 -2.203740264194468E-6
0.01549845175981134 7.518532063797738E-5 -8.576277658500471E-5 -8.320962579071562E-7
0.015412688983226336 7.435322438007023E-5 -2.1911543144063095E-4 -2.1140942838425766E-6
0.015193573551785706 7.223913009622765E-5 -8.407569183320125E-5 -7.994899711470635E-7
0.015109497859952505 7.143964012508059E-5 -2.1512994483696482E-4 -2.0343238381225085E-6
0.01489436791511554 6.940531628695808E-5 -8.241999702133252E-5 -7.681273880485249E-7
0.014811947918094207 6.863718889890956E-5 -2.1057495950781082E-4 -1.951569550884228E-6
0.014601372958586396 6.668561934802533E-5 -8.079866984705946E-5 -7.380277671873699E-7
0.014520574288739336 6.594759158083796E-5 -2.0674481539304857E-4 -1.8779315991062262E-6
0.014313829473346288 6.406965998173173E-5 -7.920750912563388E-5 -7.090762380715842E-7
0.014234621964220654 6.336058374366014E-5 -2.023673699299929E-4 -1.801539193898161E-6
0.014032254594290661 6.155904454976198E-5 -7.764937649286236E-5 -6.812905787399572E-7
0.013954605217797799 6.0877753971022016E-5 -1.986865135130241E-4 -1.7335622897563916E-6
0.013755918704284775 5.914419168126562E-5 -7.612023451376175E-5 -6.545647495724854E-7
0.013679798469771014 5.848962693169314E-5 -1.9447968793679646E-4 -1.6630426856581805E-6
0.013485318781834217 5.682658424603496E-5 -7.462283328603232E-5 -6.289151618898183E-7
0.013410695948548185 5.619766908414514E-5 -1.909423004243734E-4 -1.6002916261144565E-6
0.01321975364812381 5.4597377458030685E-5 -7.315329274197414E-5 -6.042439280550764E-7
0.013146600355381836 5.3993133529975606E-5 -1.8689944447604383E-4 -1.5351933411655306E-6
0.012959700910905793 5.2457940188810075E-5 -7.171425578860693E-5 -5.805661977396409E-7
0.012887986655117187 5.187737399107044E-5 -1.834999338742826E-4 -1.4772663801840808E-6
0.012704486721242905 5.040010761088636E-5 -7.030199359180232E-5 -5.577916085916518E-7
0.012634184727651102 4.9842316002294706E-5 -1.7961465650235967E-4 -1.417172640897206E-6
0.012454570071148743 4.84251433613975E-5 -6.891904604587536E-5 -5.359341456247385E-7
0.012385651025102867 4.788920921577276E-5 -1.7634764877677092E-4 -1.3636989173785085E-6
0.012209303376326096 4.652551029839425E-5 -6.756182965563167E-5 -5.149103932524797E-7
0.012141741546670465 4.601059990514177E-5 -1.7261380803406198E-4 -1.3082249904645783E-6
0.011969127738636403 4.470237491467719E-5 -6.623278531781242E-5 -4.947332613658755E-7
0.011902894953318591 4.4207641653311314E-5 -1.694741386141382E-4 -1.2588621539113233E-6
0.011733420814704453 4.294877949939999E-5 -6.492846921127503E-5 -4.7532574709907785E-7
0.011668492345493178 4.247345375230091E-5 -1.6588583194839982E-4 -1.2076528831325255E-6
0.011502606513544778 4.1265800869168385E-5 -6.365122709381968E-5 -4.566997678724087E-7
0.011438955286450959 4.080910110129598E-5 -1.6286853756332823E-4 -1.1620849018467012E-6
0.01127608674888763 3.9647016199449275E-5 -6.239774937427388E-5 -4.387842405513699E-7
0.011213688999513357 3.9208231958897905E-5 -1.5942009248635884E-4 -1.1148124342284455E-6
0.011054268907026998 3.809341952466946E-5 -6.117029037973152E-5 -4.215901663835423E-7
0.010993098616647266 3.767182935828592E-5 -1.5652040331895413E-4 -1.0727475720071448E-6
0.010836578213328311 3.659908178627877E-5 -5.9965669517102694E-5 -4.0505192687597203E-7
0.01077661254381121 3.61940298594028E-5 -1.5329486731888498E-4 -1.0297037185807006E-6
0.010623317676492324 3.5164326140822096E-5 -5.878556352596816E-5 -3.8917309848945545E-7
0.010564532112966356 3.4775153042332643E-5 -1.502780713289462E-4 -9.893373172592539E-7
0.01041425404163741 3.378581572507339E-5 -5.7628681658928736E-5 -3.73916751257079E-7
0.01035662535997848 3.341189897381631E-5 -1.4737320868355445E-4 -9.508925135035107E-7
0.010209252151294926 3.24610064603128E-5 -5.649427600387251E-5 -3.592547291722628E-7
0.010152757875291053 3.2101751731140535E-5 -1.444206762641101E-4 -9.132802635935955E-7
0.010008337199026943 3.118847146754694E-5 -5.538248597277874E-5 -3.4517124057965674E-7
0.009952954713054164 3.0843300226967286E-5 -1.416290365791455E-4 -8.777909720291005E-7
0.00981132567647502 2.9965509254938185E-5 -5.429229609735483E-5 -3.316363873391748E-7
0.009757033380377665 2.963387286759901E-5 -1.387915851470301E-4 -8.430702302630502E-7
0.009618241795230634 2.879080263733596E-5 -5.32238403557131E-5 -3.1863559180686383E-7
0.00956501795487492 2.8472167045529096E-5 -1.361087553261322E-4 -8.103092406699743E-7
0.009428909199548788 2.7661857804859122E-5 -5.217614285951372E-5 -3.061412543149639E-7
>>>>>>> Stashed changes
